<?xml version="1.0" encoding="UTF-8"?>
<!-- Generated by org.testng.reporters.JUnitReportReporter -->
<testsuite hostname="LAPTOP-AUE2HLHR" failures="0" tests="1" name="TestRunner.run" time="9.560" errors="0" timestamp="2024-05-26T11:17:45 IST" skipped="0">
  <testcase classname="TestRunner.run" name="runScenario" time="9.560"/>
</testsuite> <!-- TestRunner.run -->
